<?xml version="1.0" encoding="UTF-8"?>
<testsuite name="com.udacity.gradle.test.EchoTest" tests="1" skipped="0" failures="0" errors="0" timestamp="2016-02-21T12:46:02" hostname="HBaxamoosa-MBP-TX" time="0.001">
  <properties/>
  <testcase name="test" classname="com.udacity.gradle.test.EchoTest" time="0.001"/>
  <system-out><![CDATA[]]></system-out>
  <system-err><![CDATA[]]></system-err>
</testsuite>
